<?xml version="1.0" encoding="UTF-8"?>
<testsuite xmlns:xsi="http://www.w3.org/2001/XMLSchema-instance" xsi:noNamespaceSchemaLocation="https://maven.apache.org/surefire/maven-surefire-plugin/xsd/surefire-test-report.xsd" name="com.demo.controller.TestBalanceController" time="11.122" tests="2" errors="0" skipped="0" failures="0">
  <properties>
    <property name="gopherProxySet" value="false"/>
    <property name="awt.toolkit" value="sun.lwawt.macosx.LWCToolkit"/>
    <property name="file.encoding.pkg" value="sun.io"/>
    <property name="java.specification.version" value="1.8"/>
    <property name="sun.cpu.isalist" value=""/>
    <property name="sun.jnu.encoding" value="UTF-8"/>
    <property name="java.class.path" value="/Users/madhavidurganalluri/Downloads/SpringBootRestAPIMongo/target/test-classes:/Users/madhavidurganalluri/Downloads/SpringBootRestAPIMongo/target/classes:/Users/madhavidurganalluri/.m2/repository/org/springframework/boot/spring-boot-starter-web/2.1.4.RELEASE/spring-boot-starter-web-2.1.4.RELEASE.jar:/Users/madhavidurganalluri/.m2/repository/org/springframework/boot/spring-boot-starter/2.1.4.RELEASE/spring-boot-starter-2.1.4.RELEASE.jar:/Users/madhavidurganalluri/.m2/repository/org/springframework/boot/spring-boot/2.1.4.RELEASE/spring-boot-2.1.4.RELEASE.jar:/Users/madhavidurganalluri/.m2/repository/org/springframework/boot/spring-boot-autoconfigure/2.1.4.RELEASE/spring-boot-autoconfigure-2.1.4.RELEASE.jar:/Users/madhavidurganalluri/.m2/repository/org/springframework/boot/spring-boot-starter-logging/2.1.4.RELEASE/spring-boot-starter-logging-2.1.4.RELEASE.jar:/Users/madhavidurganalluri/.m2/repository/ch/qos/logback/logback-classic/1.2.3/logback-classic-1.2.3.jar:/Users/madhavidurganalluri/.m2/repository/ch/qos/logback/logback-core/1.2.3/logback-core-1.2.3.jar:/Users/madhavidurganalluri/.m2/repository/org/apache/logging/log4j/log4j-to-slf4j/2.11.2/log4j-to-slf4j-2.11.2.jar:/Users/madhavidurganalluri/.m2/repository/org/apache/logging/log4j/log4j-api/2.11.2/log4j-api-2.11.2.jar:/Users/madhavidurganalluri/.m2/repository/org/slf4j/jul-to-slf4j/1.7.26/jul-to-slf4j-1.7.26.jar:/Users/madhavidurganalluri/.m2/repository/javax/annotation/javax.annotation-api/1.3.2/javax.annotation-api-1.3.2.jar:/Users/madhavidurganalluri/.m2/repository/org/yaml/snakeyaml/1.23/snakeyaml-1.23.jar:/Users/madhavidurganalluri/.m2/repository/org/springframework/boot/spring-boot-starter-json/2.1.4.RELEASE/spring-boot-starter-json-2.1.4.RELEASE.jar:/Users/madhavidurganalluri/.m2/repository/com/fasterxml/jackson/datatype/jackson-datatype-jdk8/2.9.8/jackson-datatype-jdk8-2.9.8.jar:/Users/madhavidurganalluri/.m2/repository/com/fasterxml/jackson/datatype/jackson-datatype-jsr310/2.9.8/jackson-datatype-jsr310-2.9.8.jar:/Users/madhavidurganalluri/.m2/repository/com/fasterxml/jackson/module/jackson-module-parameter-names/2.9.8/jackson-module-parameter-names-2.9.8.jar:/Users/madhavidurganalluri/.m2/repository/org/springframework/boot/spring-boot-starter-tomcat/2.1.4.RELEASE/spring-boot-starter-tomcat-2.1.4.RELEASE.jar:/Users/madhavidurganalluri/.m2/repository/org/apache/tomcat/embed/tomcat-embed-websocket/9.0.17/tomcat-embed-websocket-9.0.17.jar:/Users/madhavidurganalluri/.m2/repository/org/hibernate/validator/hibernate-validator/6.0.16.Final/hibernate-validator-6.0.16.Final.jar:/Users/madhavidurganalluri/.m2/repository/javax/validation/validation-api/2.0.1.Final/validation-api-2.0.1.Final.jar:/Users/madhavidurganalluri/.m2/repository/org/jboss/logging/jboss-logging/3.3.2.Final/jboss-logging-3.3.2.Final.jar:/Users/madhavidurganalluri/.m2/repository/org/springframework/spring-web/5.1.6.RELEASE/spring-web-5.1.6.RELEASE.jar:/Users/madhavidurganalluri/.m2/repository/org/springframework/spring-webmvc/5.1.6.RELEASE/spring-webmvc-5.1.6.RELEASE.jar:/Users/madhavidurganalluri/.m2/repository/org/springframework/boot/spring-boot-starter-data-mongodb/2.1.4.RELEASE/spring-boot-starter-data-mongodb-2.1.4.RELEASE.jar:/Users/madhavidurganalluri/.m2/repository/org/mongodb/mongodb-driver/3.8.2/mongodb-driver-3.8.2.jar:/Users/madhavidurganalluri/.m2/repository/org/mongodb/bson/3.8.2/bson-3.8.2.jar:/Users/madhavidurganalluri/.m2/repository/org/mongodb/mongodb-driver-core/3.8.2/mongodb-driver-core-3.8.2.jar:/Users/madhavidurganalluri/.m2/repository/org/springframework/data/spring-data-mongodb/2.1.6.RELEASE/spring-data-mongodb-2.1.6.RELEASE.jar:/Users/madhavidurganalluri/.m2/repository/org/springframework/spring-tx/5.1.6.RELEASE/spring-tx-5.1.6.RELEASE.jar:/Users/madhavidurganalluri/.m2/repository/org/springframework/data/spring-data-commons/2.1.6.RELEASE/spring-data-commons-2.1.6.RELEASE.jar:/Users/madhavidurganalluri/.m2/repository/javax/servlet/jstl/1.2/jstl-1.2.jar:/Users/madhavidurganalluri/.m2/repository/taglibs/standard/1.1.2/standard-1.1.2.jar:/Users/madhavidurganalluri/.m2/repository/org/springframework/security/spring-security-taglibs/5.1.5.RELEASE/spring-security-taglibs-5.1.5.RELEASE.jar:/Users/madhavidurganalluri/.m2/repository/org/springframework/security/spring-security-acl/5.1.5.RELEASE/spring-security-acl-5.1.5.RELEASE.jar:/Users/madhavidurganalluri/.m2/repository/org/springframework/spring-jdbc/5.1.6.RELEASE/spring-jdbc-5.1.6.RELEASE.jar:/Users/madhavidurganalluri/.m2/repository/org/springframework/security/spring-security-core/5.1.5.RELEASE/spring-security-core-5.1.5.RELEASE.jar:/Users/madhavidurganalluri/.m2/repository/org/springframework/security/spring-security-web/5.1.5.RELEASE/spring-security-web-5.1.5.RELEASE.jar:/Users/madhavidurganalluri/.m2/repository/org/springframework/spring-aop/5.1.6.RELEASE/spring-aop-5.1.6.RELEASE.jar:/Users/madhavidurganalluri/.m2/repository/org/springframework/spring-beans/5.1.6.RELEASE/spring-beans-5.1.6.RELEASE.jar:/Users/madhavidurganalluri/.m2/repository/org/springframework/spring-context/5.1.6.RELEASE/spring-context-5.1.6.RELEASE.jar:/Users/madhavidurganalluri/.m2/repository/org/springframework/spring-core/5.1.6.RELEASE/spring-core-5.1.6.RELEASE.jar:/Users/madhavidurganalluri/.m2/repository/org/springframework/spring-jcl/5.1.6.RELEASE/spring-jcl-5.1.6.RELEASE.jar:/Users/madhavidurganalluri/.m2/repository/org/springframework/spring-expression/5.1.6.RELEASE/spring-expression-5.1.6.RELEASE.jar:/Users/madhavidurganalluri/.m2/repository/org/apache/tomcat/embed/tomcat-embed-jasper/9.0.17/tomcat-embed-jasper-9.0.17.jar:/Users/madhavidurganalluri/.m2/repository/org/apache/tomcat/embed/tomcat-embed-core/9.0.17/tomcat-embed-core-9.0.17.jar:/Users/madhavidurganalluri/.m2/repository/org/apache/tomcat/tomcat-annotations-api/9.0.17/tomcat-annotations-api-9.0.17.jar:/Users/madhavidurganalluri/.m2/repository/org/apache/tomcat/embed/tomcat-embed-el/9.0.17/tomcat-embed-el-9.0.17.jar:/Users/madhavidurganalluri/.m2/repository/org/eclipse/jdt/ecj/3.15.0/ecj-3.15.0.jar:/Users/madhavidurganalluri/.m2/repository/org/springframework/boot/spring-boot-starter-test/2.1.4.RELEASE/spring-boot-starter-test-2.1.4.RELEASE.jar:/Users/madhavidurganalluri/.m2/repository/org/springframework/boot/spring-boot-test/2.1.4.RELEASE/spring-boot-test-2.1.4.RELEASE.jar:/Users/madhavidurganalluri/.m2/repository/org/springframework/boot/spring-boot-test-autoconfigure/2.1.4.RELEASE/spring-boot-test-autoconfigure-2.1.4.RELEASE.jar:/Users/madhavidurganalluri/.m2/repository/com/jayway/jsonpath/json-path/2.4.0/json-path-2.4.0.jar:/Users/madhavidurganalluri/.m2/repository/net/minidev/json-smart/2.3/json-smart-2.3.jar:/Users/madhavidurganalluri/.m2/repository/net/minidev/accessors-smart/1.2/accessors-smart-1.2.jar:/Users/madhavidurganalluri/.m2/repository/junit/junit/4.12/junit-4.12.jar:/Users/madhavidurganalluri/.m2/repository/org/assertj/assertj-core/3.11.1/assertj-core-3.11.1.jar:/Users/madhavidurganalluri/.m2/repository/org/mockito/mockito-core/2.23.4/mockito-core-2.23.4.jar:/Users/madhavidurganalluri/.m2/repository/net/bytebuddy/byte-buddy/1.9.12/byte-buddy-1.9.12.jar:/Users/madhavidurganalluri/.m2/repository/net/bytebuddy/byte-buddy-agent/1.9.12/byte-buddy-agent-1.9.12.jar:/Users/madhavidurganalluri/.m2/repository/org/objenesis/objenesis/2.6/objenesis-2.6.jar:/Users/madhavidurganalluri/.m2/repository/org/hamcrest/hamcrest-core/1.3/hamcrest-core-1.3.jar:/Users/madhavidurganalluri/.m2/repository/org/hamcrest/hamcrest-library/1.3/hamcrest-library-1.3.jar:/Users/madhavidurganalluri/.m2/repository/org/skyscreamer/jsonassert/1.5.0/jsonassert-1.5.0.jar:/Users/madhavidurganalluri/.m2/repository/com/vaadin/external/google/android-json/0.0.20131108.vaadin1/android-json-0.0.20131108.vaadin1.jar:/Users/madhavidurganalluri/.m2/repository/org/springframework/spring-test/5.1.6.RELEASE/spring-test-5.1.6.RELEASE.jar:/Users/madhavidurganalluri/.m2/repository/org/xmlunit/xmlunit-core/2.6.2/xmlunit-core-2.6.2.jar:/Users/madhavidurganalluri/.m2/repository/com/github/tomakehurst/wiremock/2.27.2/wiremock-2.27.2.jar:/Users/madhavidurganalluri/.m2/repository/org/eclipse/jetty/jetty-server/9.4.15.v20190215/jetty-server-9.4.15.v20190215.jar:/Users/madhavidurganalluri/.m2/repository/javax/servlet/javax.servlet-api/4.0.1/javax.servlet-api-4.0.1.jar:/Users/madhavidurganalluri/.m2/repository/org/eclipse/jetty/jetty-http/9.4.15.v20190215/jetty-http-9.4.15.v20190215.jar:/Users/madhavidurganalluri/.m2/repository/org/eclipse/jetty/jetty-io/9.4.15.v20190215/jetty-io-9.4.15.v20190215.jar:/Users/madhavidurganalluri/.m2/repository/org/eclipse/jetty/jetty-servlet/9.4.15.v20190215/jetty-servlet-9.4.15.v20190215.jar:/Users/madhavidurganalluri/.m2/repository/org/eclipse/jetty/jetty-security/9.4.15.v20190215/jetty-security-9.4.15.v20190215.jar:/Users/madhavidurganalluri/.m2/repository/org/eclipse/jetty/jetty-servlets/9.4.15.v20190215/jetty-servlets-9.4.15.v20190215.jar:/Users/madhavidurganalluri/.m2/repository/org/eclipse/jetty/jetty-continuation/9.4.15.v20190215/jetty-continuation-9.4.15.v20190215.jar:/Users/madhavidurganalluri/.m2/repository/org/eclipse/jetty/jetty-util/9.4.15.v20190215/jetty-util-9.4.15.v20190215.jar:/Users/madhavidurganalluri/.m2/repository/org/eclipse/jetty/jetty-webapp/9.4.15.v20190215/jetty-webapp-9.4.15.v20190215.jar:/Users/madhavidurganalluri/.m2/repository/org/eclipse/jetty/jetty-xml/9.4.15.v20190215/jetty-xml-9.4.15.v20190215.jar:/Users/madhavidurganalluri/.m2/repository/org/eclipse/jetty/jetty-proxy/9.4.15.v20190215/jetty-proxy-9.4.15.v20190215.jar:/Users/madhavidurganalluri/.m2/repository/org/eclipse/jetty/jetty-client/9.4.15.v20190215/jetty-client-9.4.15.v20190215.jar:/Users/madhavidurganalluri/.m2/repository/com/google/guava/guava/20.0/guava-20.0.jar:/Users/madhavidurganalluri/.m2/repository/com/fasterxml/jackson/core/jackson-core/2.9.8/jackson-core-2.9.8.jar:/Users/madhavidurganalluri/.m2/repository/com/fasterxml/jackson/core/jackson-annotations/2.9.0/jackson-annotations-2.9.0.jar:/Users/madhavidurganalluri/.m2/repository/com/fasterxml/jackson/core/jackson-databind/2.9.8/jackson-databind-2.9.8.jar:/Users/madhavidurganalluri/.m2/repository/org/apache/httpcomponents/httpclient/4.5.8/httpclient-4.5.8.jar:/Users/madhavidurganalluri/.m2/repository/org/apache/httpcomponents/httpcore/4.4.11/httpcore-4.4.11.jar:/Users/madhavidurganalluri/.m2/repository/commons-codec/commons-codec/1.11/commons-codec-1.11.jar:/Users/madhavidurganalluri/.m2/repository/org/xmlunit/xmlunit-legacy/2.6.2/xmlunit-legacy-2.6.2.jar:/Users/madhavidurganalluri/.m2/repository/org/xmlunit/xmlunit-placeholders/2.6.2/xmlunit-placeholders-2.6.2.jar:/Users/madhavidurganalluri/.m2/repository/org/ow2/asm/asm/7.0/asm-7.0.jar:/Users/madhavidurganalluri/.m2/repository/org/slf4j/slf4j-api/1.7.26/slf4j-api-1.7.26.jar:/Users/madhavidurganalluri/.m2/repository/net/sf/jopt-simple/jopt-simple/5.0.3/jopt-simple-5.0.3.jar:/Users/madhavidurganalluri/.m2/repository/org/apache/commons/commons-lang3/3.8.1/commons-lang3-3.8.1.jar:/Users/madhavidurganalluri/.m2/repository/com/github/jknack/handlebars/4.0.7/handlebars-4.0.7.jar:/Users/madhavidurganalluri/.m2/repository/org/antlr/antlr4-runtime/4.7.1/antlr4-runtime-4.7.1.jar:/Users/madhavidurganalluri/.m2/repository/com/github/jknack/handlebars-helpers/4.0.7/handlebars-helpers-4.0.7.jar:/Users/madhavidurganalluri/.m2/repository/com/flipkart/zjsonpatch/zjsonpatch/0.4.4/zjsonpatch-0.4.4.jar:/Users/madhavidurganalluri/.m2/repository/commons-fileupload/commons-fileupload/1.4/commons-fileupload-1.4.jar:/Users/madhavidurganalluri/.m2/repository/commons-io/commons-io/2.2/commons-io-2.2.jar:/Users/madhavidurganalluri/.m2/repository/io/rest-assured/rest-assured/3.1.1/rest-assured-3.1.1.jar:/Users/madhavidurganalluri/.m2/repository/org/codehaus/groovy/groovy/2.5.6/groovy-2.5.6.jar:/Users/madhavidurganalluri/.m2/repository/org/codehaus/groovy/groovy-xml/2.5.6/groovy-xml-2.5.6.jar:/Users/madhavidurganalluri/.m2/repository/org/apache/httpcomponents/httpmime/4.5.8/httpmime-4.5.8.jar:/Users/madhavidurganalluri/.m2/repository/org/ccil/cowan/tagsoup/tagsoup/1.2.1/tagsoup-1.2.1.jar:/Users/madhavidurganalluri/.m2/repository/io/rest-assured/json-path/3.1.1/json-path-3.1.1.jar:/Users/madhavidurganalluri/.m2/repository/org/codehaus/groovy/groovy-json/2.5.6/groovy-json-2.5.6.jar:/Users/madhavidurganalluri/.m2/repository/io/rest-assured/rest-assured-common/3.1.1/rest-assured-common-3.1.1.jar:/Users/madhavidurganalluri/.m2/repository/io/rest-assured/xml-path/3.1.1/xml-path-3.1.1.jar:/Users/madhavidurganalluri/.m2/repository/javax/xml/bind/jaxb-api/2.3.1/jaxb-api-2.3.1.jar:/Users/madhavidurganalluri/.m2/repository/javax/activation/javax.activation-api/1.2.0/javax.activation-api-1.2.0.jar:/Users/madhavidurganalluri/.m2/repository/io/springfox/springfox-swagger2/2.9.2/springfox-swagger2-2.9.2.jar:/Users/madhavidurganalluri/.m2/repository/io/swagger/swagger-annotations/1.5.20/swagger-annotations-1.5.20.jar:/Users/madhavidurganalluri/.m2/repository/io/swagger/swagger-models/1.5.20/swagger-models-1.5.20.jar:/Users/madhavidurganalluri/.m2/repository/io/springfox/springfox-spi/2.9.2/springfox-spi-2.9.2.jar:/Users/madhavidurganalluri/.m2/repository/io/springfox/springfox-core/2.9.2/springfox-core-2.9.2.jar:/Users/madhavidurganalluri/.m2/repository/io/springfox/springfox-schema/2.9.2/springfox-schema-2.9.2.jar:/Users/madhavidurganalluri/.m2/repository/io/springfox/springfox-swagger-common/2.9.2/springfox-swagger-common-2.9.2.jar:/Users/madhavidurganalluri/.m2/repository/io/springfox/springfox-spring-web/2.9.2/springfox-spring-web-2.9.2.jar:/Users/madhavidurganalluri/.m2/repository/com/fasterxml/classmate/1.4.0/classmate-1.4.0.jar:/Users/madhavidurganalluri/.m2/repository/org/springframework/plugin/spring-plugin-core/1.2.0.RELEASE/spring-plugin-core-1.2.0.RELEASE.jar:/Users/madhavidurganalluri/.m2/repository/org/springframework/plugin/spring-plugin-metadata/1.2.0.RELEASE/spring-plugin-metadata-1.2.0.RELEASE.jar:/Users/madhavidurganalluri/.m2/repository/org/mapstruct/mapstruct/1.2.0.Final/mapstruct-1.2.0.Final.jar:/Users/madhavidurganalluri/.m2/repository/io/springfox/springfox-swagger-ui/2.9.2/springfox-swagger-ui-2.9.2.jar:"/>
    <property name="java.vm.vendor" value="Oracle Corporation"/>
    <property name="sun.arch.data.model" value="64"/>
    <property name="java.vendor.url" value="http://java.oracle.com/"/>
    <property name="user.timezone" value=""/>
    <property name="java.vm.specification.version" value="1.8"/>
    <property name="os.name" value="Mac OS X"/>
    <property name="user.country" value="US"/>
    <property name="sun.java.launcher" value="SUN_STANDARD"/>
    <property name="sun.boot.library.path" value="/Library/Java/JavaVirtualMachines/jdk1.8.0_231.jdk/Contents/Home/jre/lib"/>
    <property name="sun.java.command" value="/Users/madhavidurganalluri/Downloads/SpringBootRestAPIMongo/target/surefire/surefirebooter3056688474265208315.jar /Users/madhavidurganalluri/Downloads/SpringBootRestAPIMongo/target/surefire 2021-02-08T08-04-48_639-jvmRun1 surefire5170718064658647081tmp surefire_03908179255541773437tmp"/>
    <property name="http.nonProxyHosts" value="local|*.local|169.254/16|*.169.254/16"/>
    <property name="surefire.test.class.path" value="/Users/madhavidurganalluri/Downloads/SpringBootRestAPIMongo/target/test-classes:/Users/madhavidurganalluri/Downloads/SpringBootRestAPIMongo/target/classes:/Users/madhavidurganalluri/.m2/repository/org/springframework/boot/spring-boot-starter-web/2.1.4.RELEASE/spring-boot-starter-web-2.1.4.RELEASE.jar:/Users/madhavidurganalluri/.m2/repository/org/springframework/boot/spring-boot-starter/2.1.4.RELEASE/spring-boot-starter-2.1.4.RELEASE.jar:/Users/madhavidurganalluri/.m2/repository/org/springframework/boot/spring-boot/2.1.4.RELEASE/spring-boot-2.1.4.RELEASE.jar:/Users/madhavidurganalluri/.m2/repository/org/springframework/boot/spring-boot-autoconfigure/2.1.4.RELEASE/spring-boot-autoconfigure-2.1.4.RELEASE.jar:/Users/madhavidurganalluri/.m2/repository/org/springframework/boot/spring-boot-starter-logging/2.1.4.RELEASE/spring-boot-starter-logging-2.1.4.RELEASE.jar:/Users/madhavidurganalluri/.m2/repository/ch/qos/logback/logback-classic/1.2.3/logback-classic-1.2.3.jar:/Users/madhavidurganalluri/.m2/repository/ch/qos/logback/logback-core/1.2.3/logback-core-1.2.3.jar:/Users/madhavidurganalluri/.m2/repository/org/apache/logging/log4j/log4j-to-slf4j/2.11.2/log4j-to-slf4j-2.11.2.jar:/Users/madhavidurganalluri/.m2/repository/org/apache/logging/log4j/log4j-api/2.11.2/log4j-api-2.11.2.jar:/Users/madhavidurganalluri/.m2/repository/org/slf4j/jul-to-slf4j/1.7.26/jul-to-slf4j-1.7.26.jar:/Users/madhavidurganalluri/.m2/repository/javax/annotation/javax.annotation-api/1.3.2/javax.annotation-api-1.3.2.jar:/Users/madhavidurganalluri/.m2/repository/org/yaml/snakeyaml/1.23/snakeyaml-1.23.jar:/Users/madhavidurganalluri/.m2/repository/org/springframework/boot/spring-boot-starter-json/2.1.4.RELEASE/spring-boot-starter-json-2.1.4.RELEASE.jar:/Users/madhavidurganalluri/.m2/repository/com/fasterxml/jackson/datatype/jackson-datatype-jdk8/2.9.8/jackson-datatype-jdk8-2.9.8.jar:/Users/madhavidurganalluri/.m2/repository/com/fasterxml/jackson/datatype/jackson-datatype-jsr310/2.9.8/jackson-datatype-jsr310-2.9.8.jar:/Users/madhavidurganalluri/.m2/repository/com/fasterxml/jackson/module/jackson-module-parameter-names/2.9.8/jackson-module-parameter-names-2.9.8.jar:/Users/madhavidurganalluri/.m2/repository/org/springframework/boot/spring-boot-starter-tomcat/2.1.4.RELEASE/spring-boot-starter-tomcat-2.1.4.RELEASE.jar:/Users/madhavidurganalluri/.m2/repository/org/apache/tomcat/embed/tomcat-embed-websocket/9.0.17/tomcat-embed-websocket-9.0.17.jar:/Users/madhavidurganalluri/.m2/repository/org/hibernate/validator/hibernate-validator/6.0.16.Final/hibernate-validator-6.0.16.Final.jar:/Users/madhavidurganalluri/.m2/repository/javax/validation/validation-api/2.0.1.Final/validation-api-2.0.1.Final.jar:/Users/madhavidurganalluri/.m2/repository/org/jboss/logging/jboss-logging/3.3.2.Final/jboss-logging-3.3.2.Final.jar:/Users/madhavidurganalluri/.m2/repository/org/springframework/spring-web/5.1.6.RELEASE/spring-web-5.1.6.RELEASE.jar:/Users/madhavidurganalluri/.m2/repository/org/springframework/spring-webmvc/5.1.6.RELEASE/spring-webmvc-5.1.6.RELEASE.jar:/Users/madhavidurganalluri/.m2/repository/org/springframework/boot/spring-boot-starter-data-mongodb/2.1.4.RELEASE/spring-boot-starter-data-mongodb-2.1.4.RELEASE.jar:/Users/madhavidurganalluri/.m2/repository/org/mongodb/mongodb-driver/3.8.2/mongodb-driver-3.8.2.jar:/Users/madhavidurganalluri/.m2/repository/org/mongodb/bson/3.8.2/bson-3.8.2.jar:/Users/madhavidurganalluri/.m2/repository/org/mongodb/mongodb-driver-core/3.8.2/mongodb-driver-core-3.8.2.jar:/Users/madhavidurganalluri/.m2/repository/org/springframework/data/spring-data-mongodb/2.1.6.RELEASE/spring-data-mongodb-2.1.6.RELEASE.jar:/Users/madhavidurganalluri/.m2/repository/org/springframework/spring-tx/5.1.6.RELEASE/spring-tx-5.1.6.RELEASE.jar:/Users/madhavidurganalluri/.m2/repository/org/springframework/data/spring-data-commons/2.1.6.RELEASE/spring-data-commons-2.1.6.RELEASE.jar:/Users/madhavidurganalluri/.m2/repository/javax/servlet/jstl/1.2/jstl-1.2.jar:/Users/madhavidurganalluri/.m2/repository/taglibs/standard/1.1.2/standard-1.1.2.jar:/Users/madhavidurganalluri/.m2/repository/org/springframework/security/spring-security-taglibs/5.1.5.RELEASE/spring-security-taglibs-5.1.5.RELEASE.jar:/Users/madhavidurganalluri/.m2/repository/org/springframework/security/spring-security-acl/5.1.5.RELEASE/spring-security-acl-5.1.5.RELEASE.jar:/Users/madhavidurganalluri/.m2/repository/org/springframework/spring-jdbc/5.1.6.RELEASE/spring-jdbc-5.1.6.RELEASE.jar:/Users/madhavidurganalluri/.m2/repository/org/springframework/security/spring-security-core/5.1.5.RELEASE/spring-security-core-5.1.5.RELEASE.jar:/Users/madhavidurganalluri/.m2/repository/org/springframework/security/spring-security-web/5.1.5.RELEASE/spring-security-web-5.1.5.RELEASE.jar:/Users/madhavidurganalluri/.m2/repository/org/springframework/spring-aop/5.1.6.RELEASE/spring-aop-5.1.6.RELEASE.jar:/Users/madhavidurganalluri/.m2/repository/org/springframework/spring-beans/5.1.6.RELEASE/spring-beans-5.1.6.RELEASE.jar:/Users/madhavidurganalluri/.m2/repository/org/springframework/spring-context/5.1.6.RELEASE/spring-context-5.1.6.RELEASE.jar:/Users/madhavidurganalluri/.m2/repository/org/springframework/spring-core/5.1.6.RELEASE/spring-core-5.1.6.RELEASE.jar:/Users/madhavidurganalluri/.m2/repository/org/springframework/spring-jcl/5.1.6.RELEASE/spring-jcl-5.1.6.RELEASE.jar:/Users/madhavidurganalluri/.m2/repository/org/springframework/spring-expression/5.1.6.RELEASE/spring-expression-5.1.6.RELEASE.jar:/Users/madhavidurganalluri/.m2/repository/org/apache/tomcat/embed/tomcat-embed-jasper/9.0.17/tomcat-embed-jasper-9.0.17.jar:/Users/madhavidurganalluri/.m2/repository/org/apache/tomcat/embed/tomcat-embed-core/9.0.17/tomcat-embed-core-9.0.17.jar:/Users/madhavidurganalluri/.m2/repository/org/apache/tomcat/tomcat-annotations-api/9.0.17/tomcat-annotations-api-9.0.17.jar:/Users/madhavidurganalluri/.m2/repository/org/apache/tomcat/embed/tomcat-embed-el/9.0.17/tomcat-embed-el-9.0.17.jar:/Users/madhavidurganalluri/.m2/repository/org/eclipse/jdt/ecj/3.15.0/ecj-3.15.0.jar:/Users/madhavidurganalluri/.m2/repository/org/springframework/boot/spring-boot-starter-test/2.1.4.RELEASE/spring-boot-starter-test-2.1.4.RELEASE.jar:/Users/madhavidurganalluri/.m2/repository/org/springframework/boot/spring-boot-test/2.1.4.RELEASE/spring-boot-test-2.1.4.RELEASE.jar:/Users/madhavidurganalluri/.m2/repository/org/springframework/boot/spring-boot-test-autoconfigure/2.1.4.RELEASE/spring-boot-test-autoconfigure-2.1.4.RELEASE.jar:/Users/madhavidurganalluri/.m2/repository/com/jayway/jsonpath/json-path/2.4.0/json-path-2.4.0.jar:/Users/madhavidurganalluri/.m2/repository/net/minidev/json-smart/2.3/json-smart-2.3.jar:/Users/madhavidurganalluri/.m2/repository/net/minidev/accessors-smart/1.2/accessors-smart-1.2.jar:/Users/madhavidurganalluri/.m2/repository/junit/junit/4.12/junit-4.12.jar:/Users/madhavidurganalluri/.m2/repository/org/assertj/assertj-core/3.11.1/assertj-core-3.11.1.jar:/Users/madhavidurganalluri/.m2/repository/org/mockito/mockito-core/2.23.4/mockito-core-2.23.4.jar:/Users/madhavidurganalluri/.m2/repository/net/bytebuddy/byte-buddy/1.9.12/byte-buddy-1.9.12.jar:/Users/madhavidurganalluri/.m2/repository/net/bytebuddy/byte-buddy-agent/1.9.12/byte-buddy-agent-1.9.12.jar:/Users/madhavidurganalluri/.m2/repository/org/objenesis/objenesis/2.6/objenesis-2.6.jar:/Users/madhavidurganalluri/.m2/repository/org/hamcrest/hamcrest-core/1.3/hamcrest-core-1.3.jar:/Users/madhavidurganalluri/.m2/repository/org/hamcrest/hamcrest-library/1.3/hamcrest-library-1.3.jar:/Users/madhavidurganalluri/.m2/repository/org/skyscreamer/jsonassert/1.5.0/jsonassert-1.5.0.jar:/Users/madhavidurganalluri/.m2/repository/com/vaadin/external/google/android-json/0.0.20131108.vaadin1/android-json-0.0.20131108.vaadin1.jar:/Users/madhavidurganalluri/.m2/repository/org/springframework/spring-test/5.1.6.RELEASE/spring-test-5.1.6.RELEASE.jar:/Users/madhavidurganalluri/.m2/repository/org/xmlunit/xmlunit-core/2.6.2/xmlunit-core-2.6.2.jar:/Users/madhavidurganalluri/.m2/repository/com/github/tomakehurst/wiremock/2.27.2/wiremock-2.27.2.jar:/Users/madhavidurganalluri/.m2/repository/org/eclipse/jetty/jetty-server/9.4.15.v20190215/jetty-server-9.4.15.v20190215.jar:/Users/madhavidurganalluri/.m2/repository/javax/servlet/javax.servlet-api/4.0.1/javax.servlet-api-4.0.1.jar:/Users/madhavidurganalluri/.m2/repository/org/eclipse/jetty/jetty-http/9.4.15.v20190215/jetty-http-9.4.15.v20190215.jar:/Users/madhavidurganalluri/.m2/repository/org/eclipse/jetty/jetty-io/9.4.15.v20190215/jetty-io-9.4.15.v20190215.jar:/Users/madhavidurganalluri/.m2/repository/org/eclipse/jetty/jetty-servlet/9.4.15.v20190215/jetty-servlet-9.4.15.v20190215.jar:/Users/madhavidurganalluri/.m2/repository/org/eclipse/jetty/jetty-security/9.4.15.v20190215/jetty-security-9.4.15.v20190215.jar:/Users/madhavidurganalluri/.m2/repository/org/eclipse/jetty/jetty-servlets/9.4.15.v20190215/jetty-servlets-9.4.15.v20190215.jar:/Users/madhavidurganalluri/.m2/repository/org/eclipse/jetty/jetty-continuation/9.4.15.v20190215/jetty-continuation-9.4.15.v20190215.jar:/Users/madhavidurganalluri/.m2/repository/org/eclipse/jetty/jetty-util/9.4.15.v20190215/jetty-util-9.4.15.v20190215.jar:/Users/madhavidurganalluri/.m2/repository/org/eclipse/jetty/jetty-webapp/9.4.15.v20190215/jetty-webapp-9.4.15.v20190215.jar:/Users/madhavidurganalluri/.m2/repository/org/eclipse/jetty/jetty-xml/9.4.15.v20190215/jetty-xml-9.4.15.v20190215.jar:/Users/madhavidurganalluri/.m2/repository/org/eclipse/jetty/jetty-proxy/9.4.15.v20190215/jetty-proxy-9.4.15.v20190215.jar:/Users/madhavidurganalluri/.m2/repository/org/eclipse/jetty/jetty-client/9.4.15.v20190215/jetty-client-9.4.15.v20190215.jar:/Users/madhavidurganalluri/.m2/repository/com/google/guava/guava/20.0/guava-20.0.jar:/Users/madhavidurganalluri/.m2/repository/com/fasterxml/jackson/core/jackson-core/2.9.8/jackson-core-2.9.8.jar:/Users/madhavidurganalluri/.m2/repository/com/fasterxml/jackson/core/jackson-annotations/2.9.0/jackson-annotations-2.9.0.jar:/Users/madhavidurganalluri/.m2/repository/com/fasterxml/jackson/core/jackson-databind/2.9.8/jackson-databind-2.9.8.jar:/Users/madhavidurganalluri/.m2/repository/org/apache/httpcomponents/httpclient/4.5.8/httpclient-4.5.8.jar:/Users/madhavidurganalluri/.m2/repository/org/apache/httpcomponents/httpcore/4.4.11/httpcore-4.4.11.jar:/Users/madhavidurganalluri/.m2/repository/commons-codec/commons-codec/1.11/commons-codec-1.11.jar:/Users/madhavidurganalluri/.m2/repository/org/xmlunit/xmlunit-legacy/2.6.2/xmlunit-legacy-2.6.2.jar:/Users/madhavidurganalluri/.m2/repository/org/xmlunit/xmlunit-placeholders/2.6.2/xmlunit-placeholders-2.6.2.jar:/Users/madhavidurganalluri/.m2/repository/org/ow2/asm/asm/7.0/asm-7.0.jar:/Users/madhavidurganalluri/.m2/repository/org/slf4j/slf4j-api/1.7.26/slf4j-api-1.7.26.jar:/Users/madhavidurganalluri/.m2/repository/net/sf/jopt-simple/jopt-simple/5.0.3/jopt-simple-5.0.3.jar:/Users/madhavidurganalluri/.m2/repository/org/apache/commons/commons-lang3/3.8.1/commons-lang3-3.8.1.jar:/Users/madhavidurganalluri/.m2/repository/com/github/jknack/handlebars/4.0.7/handlebars-4.0.7.jar:/Users/madhavidurganalluri/.m2/repository/org/antlr/antlr4-runtime/4.7.1/antlr4-runtime-4.7.1.jar:/Users/madhavidurganalluri/.m2/repository/com/github/jknack/handlebars-helpers/4.0.7/handlebars-helpers-4.0.7.jar:/Users/madhavidurganalluri/.m2/repository/com/flipkart/zjsonpatch/zjsonpatch/0.4.4/zjsonpatch-0.4.4.jar:/Users/madhavidurganalluri/.m2/repository/commons-fileupload/commons-fileupload/1.4/commons-fileupload-1.4.jar:/Users/madhavidurganalluri/.m2/repository/commons-io/commons-io/2.2/commons-io-2.2.jar:/Users/madhavidurganalluri/.m2/repository/io/rest-assured/rest-assured/3.1.1/rest-assured-3.1.1.jar:/Users/madhavidurganalluri/.m2/repository/org/codehaus/groovy/groovy/2.5.6/groovy-2.5.6.jar:/Users/madhavidurganalluri/.m2/repository/org/codehaus/groovy/groovy-xml/2.5.6/groovy-xml-2.5.6.jar:/Users/madhavidurganalluri/.m2/repository/org/apache/httpcomponents/httpmime/4.5.8/httpmime-4.5.8.jar:/Users/madhavidurganalluri/.m2/repository/org/ccil/cowan/tagsoup/tagsoup/1.2.1/tagsoup-1.2.1.jar:/Users/madhavidurganalluri/.m2/repository/io/rest-assured/json-path/3.1.1/json-path-3.1.1.jar:/Users/madhavidurganalluri/.m2/repository/org/codehaus/groovy/groovy-json/2.5.6/groovy-json-2.5.6.jar:/Users/madhavidurganalluri/.m2/repository/io/rest-assured/rest-assured-common/3.1.1/rest-assured-common-3.1.1.jar:/Users/madhavidurganalluri/.m2/repository/io/rest-assured/xml-path/3.1.1/xml-path-3.1.1.jar:/Users/madhavidurganalluri/.m2/repository/javax/xml/bind/jaxb-api/2.3.1/jaxb-api-2.3.1.jar:/Users/madhavidurganalluri/.m2/repository/javax/activation/javax.activation-api/1.2.0/javax.activation-api-1.2.0.jar:/Users/madhavidurganalluri/.m2/repository/io/springfox/springfox-swagger2/2.9.2/springfox-swagger2-2.9.2.jar:/Users/madhavidurganalluri/.m2/repository/io/swagger/swagger-annotations/1.5.20/swagger-annotations-1.5.20.jar:/Users/madhavidurganalluri/.m2/repository/io/swagger/swagger-models/1.5.20/swagger-models-1.5.20.jar:/Users/madhavidurganalluri/.m2/repository/io/springfox/springfox-spi/2.9.2/springfox-spi-2.9.2.jar:/Users/madhavidurganalluri/.m2/repository/io/springfox/springfox-core/2.9.2/springfox-core-2.9.2.jar:/Users/madhavidurganalluri/.m2/repository/io/springfox/springfox-schema/2.9.2/springfox-schema-2.9.2.jar:/Users/madhavidurganalluri/.m2/repository/io/springfox/springfox-swagger-common/2.9.2/springfox-swagger-common-2.9.2.jar:/Users/madhavidurganalluri/.m2/repository/io/springfox/springfox-spring-web/2.9.2/springfox-spring-web-2.9.2.jar:/Users/madhavidurganalluri/.m2/repository/com/fasterxml/classmate/1.4.0/classmate-1.4.0.jar:/Users/madhavidurganalluri/.m2/repository/org/springframework/plugin/spring-plugin-core/1.2.0.RELEASE/spring-plugin-core-1.2.0.RELEASE.jar:/Users/madhavidurganalluri/.m2/repository/org/springframework/plugin/spring-plugin-metadata/1.2.0.RELEASE/spring-plugin-metadata-1.2.0.RELEASE.jar:/Users/madhavidurganalluri/.m2/repository/org/mapstruct/mapstruct/1.2.0.Final/mapstruct-1.2.0.Final.jar:/Users/madhavidurganalluri/.m2/repository/io/springfox/springfox-swagger-ui/2.9.2/springfox-swagger-ui-2.9.2.jar:"/>
    <property name="sun.cpu.endian" value="little"/>
    <property name="user.home" value="/Users/madhavidurganalluri"/>
    <property name="user.language" value="en"/>
    <property name="java.specification.vendor" value="Oracle Corporation"/>
    <property name="java.home" value="/Library/Java/JavaVirtualMachines/jdk1.8.0_231.jdk/Contents/Home/jre"/>
    <property name="basedir" value="/Users/madhavidurganalluri/Downloads/SpringBootRestAPIMongo"/>
    <property name="file.separator" value="/"/>
    <property name="line.separator" value="&#10;"/>
    <property name="java.vm.specification.vendor" value="Oracle Corporation"/>
    <property name="java.specification.name" value="Java Platform API Specification"/>
    <property name="java.awt.graphicsenv" value="sun.awt.CGraphicsEnvironment"/>
    <property name="surefire.real.class.path" value="/Users/madhavidurganalluri/Downloads/SpringBootRestAPIMongo/target/surefire/surefirebooter3056688474265208315.jar"/>
    <property name="sun.boot.class.path" value="/Library/Java/JavaVirtualMachines/jdk1.8.0_231.jdk/Contents/Home/jre/lib/resources.jar:/Library/Java/JavaVirtualMachines/jdk1.8.0_231.jdk/Contents/Home/jre/lib/rt.jar:/Library/Java/JavaVirtualMachines/jdk1.8.0_231.jdk/Contents/Home/jre/lib/sunrsasign.jar:/Library/Java/JavaVirtualMachines/jdk1.8.0_231.jdk/Contents/Home/jre/lib/jsse.jar:/Library/Java/JavaVirtualMachines/jdk1.8.0_231.jdk/Contents/Home/jre/lib/jce.jar:/Library/Java/JavaVirtualMachines/jdk1.8.0_231.jdk/Contents/Home/jre/lib/charsets.jar:/Library/Java/JavaVirtualMachines/jdk1.8.0_231.jdk/Contents/Home/jre/lib/jfr.jar:/Library/Java/JavaVirtualMachines/jdk1.8.0_231.jdk/Contents/Home/jre/classes"/>
    <property name="sun.management.compiler" value="HotSpot 64-Bit Tiered Compilers"/>
    <property name="ftp.nonProxyHosts" value="local|*.local|169.254/16|*.169.254/16"/>
    <property name="java.runtime.version" value="1.8.0_231-b11"/>
    <property name="user.name" value="madhavidurganalluri"/>
    <property name="path.separator" value=":"/>
    <property name="os.version" value="10.15.4"/>
    <property name="java.endorsed.dirs" value="/Library/Java/JavaVirtualMachines/jdk1.8.0_231.jdk/Contents/Home/jre/lib/endorsed"/>
    <property name="java.runtime.name" value="Java(TM) SE Runtime Environment"/>
    <property name="file.encoding" value="UTF-8"/>
    <property name="java.vm.name" value="Java HotSpot(TM) 64-Bit Server VM"/>
    <property name="localRepository" value="/Users/madhavidurganalluri/.m2/repository"/>
    <property name="java.vendor.url.bug" value="http://bugreport.sun.com/bugreport/"/>
    <property name="java.io.tmpdir" value="/var/folders/7m/6_k4b62n4l5cf07rzng5qnvm0000gn/T/"/>
    <property name="idea.version" value="2020.3.1"/>
    <property name="java.version" value="1.8.0_231"/>
    <property name="user.dir" value="/Users/madhavidurganalluri/Downloads/SpringBootRestAPIMongo"/>
    <property name="os.arch" value="x86_64"/>
    <property name="SkipTests" value="true"/>
    <property name="java.vm.specification.name" value="Java Virtual Machine Specification"/>
    <property name="java.awt.printerjob" value="sun.lwawt.macosx.CPrinterJob"/>
    <property name="sun.os.patch.level" value="unknown"/>
    <property name="java.library.path" value="/Users/madhavidurganalluri/Library/Java/Extensions:/Library/Java/Extensions:/Network/Library/Java/Extensions:/System/Library/Java/Extensions:/usr/lib/java:."/>
    <property name="java.vm.info" value="mixed mode"/>
    <property name="java.vendor" value="Oracle Corporation"/>
    <property name="java.vm.version" value="25.231-b11"/>
    <property name="java.ext.dirs" value="/Users/madhavidurganalluri/Library/Java/Extensions:/Library/Java/JavaVirtualMachines/jdk1.8.0_231.jdk/Contents/Home/jre/lib/ext:/Library/Java/Extensions:/Network/Library/Java/Extensions:/System/Library/Java/Extensions:/usr/lib/java"/>
    <property name="sun.io.unicode.encoding" value="UnicodeBig"/>
    <property name="java.class.version" value="52.0"/>
    <property name="socksNonProxyHosts" value="local|*.local|169.254/16|*.169.254/16"/>
  </properties>
  <testcase name="TestGetBalanceByAccountNumberWithResponse" classname="com.demo.controller.TestBalanceController" time="2.358"/>
  <testcase name="TestGetBalanceByAccountNumberStatusCode" classname="com.demo.controller.TestBalanceController" time="0.156"/>
</testsuite>